Nov 24 10:51 : update: added Stalker_Metro/30 minutes of STALKER_Metro - Atmospheric Music Mix - 001 intro [GVjwJxYDJUA].mp3
Nov 24 10:51 : update: added Stalker_Metro/30 minutes of STALKER_Metro - Atmospheric Music Mix - 002 OST [GVjwJxYDJUA].mp3
Nov 24 10:51 : update: added Stalker_Metro/30 minutes of STALKER_Metro - Atmospheric Music Mix - 003 OST [GVjwJxYDJUA].mp3
Nov 24 10:51 : update: added Stalker_Metro/30 minutes of STALKER_Metro - Atmospheric Music Mix - 004 OST [GVjwJxYDJUA].mp3
Nov 24 10:51 : update: added Stalker_Metro/30 minutes of STALKER_Metro - Atmospheric Music Mix - 005 Russian sailor's dance [GVjwJxYDJUA].mp3
Nov 24 10:51 : update: added Stalker_Metro/30 minutes of STALKER_Metro - Atmospheric Music Mix - 006 Davai Nayarivay - Lube [GVjwJxYDJUA].mp3
Nov 24 10:51 : update: added Stalker_Metro/30 minutes of STALKER_Metro - Atmospheric Music Mix - 007 OST [GVjwJxYDJUA].mp3
Nov 24 10:51 : update: added Stalker_Metro/30 minutes of STALKER_Metro - Atmospheric Music Mix - 008 OST [GVjwJxYDJUA].mp3
Nov 24 10:51 : update: added Stalker_Metro/30 minutes of STALKER_Metro - Atmospheric Music Mix - 009 OST [GVjwJxYDJUA].mp3
Nov 24 10:51 : update: added Stalker_Metro/30 minutes of STALKER_Metro - Atmospheric Music Mix - 010 OST [GVjwJxYDJUA].mp3
Nov 24 10:51 : update: added Stalker_Metro/30 minutes of STALKER_Metro - Atmospheric Music Mix - 011 OST [GVjwJxYDJUA].mp3
Nov 24 10:51 : update: added Stalker_Metro/30 minutes of STALKER_Metro - Atmospheric Music Mix - 012 OST [GVjwJxYDJUA].mp3
Nov 24 10:51 : update: added Stalker_Metro/30 minutes of STALKER_Metro - Atmospheric Music Mix - 013 OST [GVjwJxYDJUA].mp3
Nov 24 10:51 : update: added Stalker_Metro/30 minutes of STALKER_Metro - Atmospheric Music Mix - 014 OST [GVjwJxYDJUA].mp3
Nov 24 10:51 : update: added Stalker_Metro/30 minutes of STALKER_Metro - Atmospheric Music Mix - 015 The ferris wheel of Pripyat [GVjwJxYDJUA].mp3
Nov 24 10:51 : update: added Stalker_Metro/30 minutes of STALKER_Metro - Atmospheric Music Mix - 016 Stalker's life [GVjwJxYDJUA].mp3
Nov 24 10:51 : update: added Stalker_Metro/30 minutes of STALKER_Metro - Atmospheric Music Mix - 017 Peaceful ending [GVjwJxYDJUA].mp3
Nov 24 10:51 : update: added Stalker_Metro/30 minutes of STALKER_Metro - Atmospheric Music Mix - 018 A new dawn [GVjwJxYDJUA].mp3
Nov 24 10:51 : update: added Stalker_Metro/30 minutes of STALKER_Metro - Atmospheric Music Mix - 019 He was a good stalker [GVjwJxYDJUA].mp3
Nov 24 10:51 : update: added Stalker_Metro/30 minutes of STALKER_Metro - Atmospheric Music Mix - 020 Against the ionized odds [GVjwJxYDJUA].mp3
Nov 24 10:51 : update: added Stalker_Metro/30 minutes of STALKER_Metro - Atmospheric Music Mix - 021 Against the ionized odds (solo) [GVjwJxYDJUA].mp3
Nov 24 10:51 : update: added Stalker_Metro/30 minutes of STALKER_Metro - Atmospheric Music Mix - 022 Tsyganochka [GVjwJxYDJUA].mp3
Nov 24 10:51 : update: added Stalker_Metro/30 minutes of STALKER_Metro - Atmospheric Music Mix - 023 Sleepless night [GVjwJxYDJUA].mp3
Nov 24 10:51 : update: added Stalker_Metro/30 minutes of STALKER_Metro - Atmospheric Music Mix - 024 The brightest twilight [GVjwJxYDJUA].mp3
Nov 24 10:51 : update: added Stalker_Metro/30 minutes of STALKER_Metro - Atmospheric Music Mix - 025 Kordon [GVjwJxYDJUA].mp3
Nov 24 10:51 : update: added Stalker_Metro/30 minutes of STALKER_Metro - Atmospheric Music Mix - 026 Aria - Vozmi moe serdtse [GVjwJxYDJUA].mp3
Nov 24 10:51 : update: added Stalker_Metro/30 minutes of STALKER_Metro - Atmospheric Music Mix - 027 Kino - Kukushka [GVjwJxYDJUA].mp3
Nov 24 10:51 : update: added Stalker_Metro/30 minutes of STALKER_Metro - Atmospheric Music Mix - 028 Kino - General [GVjwJxYDJUA].mp3
Nov 24 10:51 : update: added Stalker_Metro/30 minutes of STALKER_Metro - Atmospheric Music Mix - 029 Metro 2033 - Main theme [GVjwJxYDJUA].mp3
Nov 24 10:51 : update: added Stalker_Metro/30 minutes of STALKER_Metro - Atmospheric Music Mix - 030 Metro Last Light - Bunker Blues [GVjwJxYDJUA].mp3
Nov 24 10:51 : update: added Stalker_Metro/30 minutes of STALKER_Metro - Atmospheric Music Mix - 031 Metro 2033 - The market [GVjwJxYDJUA].mp3
Nov 24 10:51 : update: added Stalker_Metro/30 minutes of STALKER_Metro - Atmospheric Music Mix - 032 Metro 2033 - Good ending [GVjwJxYDJUA].mp3
Nov 24 10:51 : update: added Stalker_Metro/30 minutes of STALKER_Metro - Atmospheric Music Mix - 033 Metro 2033 - OST [GVjwJxYDJUA].mp3
Nov 24 10:51 : update: added Stalker_Metro/30 minutes of STALKER_Metro - Atmospheric Music Mix - 034 Metro Last Light - Main theme [GVjwJxYDJUA].mp3
Nov 24 10:51 : update: added Stalker_Metro/30 minutes of STALKER_Metro - Atmospheric Music Mix - 035 Bandit radio (CHEEKI BREEKI) [GVjwJxYDJUA].mp3
Nov 24 10:51 : exception: Failed to open /home/kungger/.mpd/playlists: No such file or directory
Nov 24 10:52 : exception: Failed to open /home/kungger/.mpd/playlists: No such file or directory
Nov 24 10:53 : player: played "Stalker_Metro/30 minutes of STALKER_Metro - Atmospheric Music Mix - 015 The ferris wheel of Pripyat [GVjwJxYDJUA].mp3"
Nov 24 10:53 : player: played "Stalker_Metro/30 minutes of STALKER_Metro - Atmospheric Music Mix - 015 The ferris wheel of Pripyat [GVjwJxYDJUA].mp3"
Nov 24 10:53 : player: played "Stalker_Metro/30 minutes of STALKER_Metro - Atmospheric Music Mix - 015 The ferris wheel of Pripyat [GVjwJxYDJUA].mp3"
Nov 24 10:53 : player: played "Stalker_Metro/30 minutes of STALKER_Metro - Atmospheric Music Mix - 015 The ferris wheel of Pripyat [GVjwJxYDJUA].mp3"
Nov 24 11:01 : player: played "Stalker_Metro/30 minutes of STALKER_Metro - Atmospheric Music Mix - 015 The ferris wheel of Pripyat [GVjwJxYDJUA].mp3"
Nov 24 11:24 : exception: Failed to open /home/kungger/.mpd/playlists: No such file or directory
Nov 24 11:24 : exception: Failed to open /home/kungger/.mpd/playlists: No such file or directory
Nov 24 17:00 : update: added Stalker_Metro/30 minutes of STALKER_Metro - Atmospheric Music Mix - 001 intro [GVjwJxYDJUA].mp3
Nov 24 17:00 : update: added Stalker_Metro/30 minutes of STALKER_Metro - Atmospheric Music Mix - 002 OST [GVjwJxYDJUA].mp3
Nov 24 17:00 : update: added Stalker_Metro/30 minutes of STALKER_Metro - Atmospheric Music Mix - 003 OST [GVjwJxYDJUA].mp3
Nov 24 17:00 : update: added Stalker_Metro/30 minutes of STALKER_Metro - Atmospheric Music Mix - 004 OST [GVjwJxYDJUA].mp3
Nov 24 17:00 : update: added Stalker_Metro/30 minutes of STALKER_Metro - Atmospheric Music Mix - 005 Russian sailor's dance [GVjwJxYDJUA].mp3
Nov 24 17:00 : update: added Stalker_Metro/30 minutes of STALKER_Metro - Atmospheric Music Mix - 006 Davai Nayarivay - Lube [GVjwJxYDJUA].mp3
Nov 24 17:00 : update: added Stalker_Metro/30 minutes of STALKER_Metro - Atmospheric Music Mix - 007 OST [GVjwJxYDJUA].mp3
Nov 24 17:00 : update: added Stalker_Metro/30 minutes of STALKER_Metro - Atmospheric Music Mix - 008 OST [GVjwJxYDJUA].mp3
Nov 24 17:00 : update: added Stalker_Metro/30 minutes of STALKER_Metro - Atmospheric Music Mix - 009 OST [GVjwJxYDJUA].mp3
Nov 24 17:00 : update: added Stalker_Metro/30 minutes of STALKER_Metro - Atmospheric Music Mix - 010 OST [GVjwJxYDJUA].mp3
Nov 24 17:00 : update: added Stalker_Metro/30 minutes of STALKER_Metro - Atmospheric Music Mix - 011 OST [GVjwJxYDJUA].mp3
Nov 24 17:00 : update: added Stalker_Metro/30 minutes of STALKER_Metro - Atmospheric Music Mix - 012 OST [GVjwJxYDJUA].mp3
Nov 24 17:00 : update: added Stalker_Metro/30 minutes of STALKER_Metro - Atmospheric Music Mix - 013 OST [GVjwJxYDJUA].mp3
Nov 24 17:00 : update: added Stalker_Metro/30 minutes of STALKER_Metro - Atmospheric Music Mix - 014 OST [GVjwJxYDJUA].mp3
Nov 24 17:00 : update: added Stalker_Metro/30 minutes of STALKER_Metro - Atmospheric Music Mix - 015 The ferris wheel of Pripyat [GVjwJxYDJUA].mp3
Nov 24 17:00 : update: added Stalker_Metro/30 minutes of STALKER_Metro - Atmospheric Music Mix - 016 Stalker's life [GVjwJxYDJUA].mp3
Nov 24 17:00 : update: added Stalker_Metro/30 minutes of STALKER_Metro - Atmospheric Music Mix - 017 Peaceful ending [GVjwJxYDJUA].mp3
Nov 24 17:00 : update: added Stalker_Metro/30 minutes of STALKER_Metro - Atmospheric Music Mix - 018 A new dawn [GVjwJxYDJUA].mp3
Nov 24 17:00 : update: added Stalker_Metro/30 minutes of STALKER_Metro - Atmospheric Music Mix - 019 He was a good stalker [GVjwJxYDJUA].mp3
Nov 24 17:00 : update: added Stalker_Metro/30 minutes of STALKER_Metro - Atmospheric Music Mix - 020 Against the ionized odds [GVjwJxYDJUA].mp3
Nov 24 17:00 : update: added Stalker_Metro/30 minutes of STALKER_Metro - Atmospheric Music Mix - 021 Against the ionized odds (solo) [GVjwJxYDJUA].mp3
Nov 24 17:00 : update: added Stalker_Metro/30 minutes of STALKER_Metro - Atmospheric Music Mix - 022 Tsyganochka [GVjwJxYDJUA].mp3
Nov 24 17:00 : update: added Stalker_Metro/30 minutes of STALKER_Metro - Atmospheric Music Mix - 023 Sleepless night [GVjwJxYDJUA].mp3
Nov 24 17:00 : update: added Stalker_Metro/30 minutes of STALKER_Metro - Atmospheric Music Mix - 024 The brightest twilight [GVjwJxYDJUA].mp3
Nov 24 17:00 : update: added Stalker_Metro/30 minutes of STALKER_Metro - Atmospheric Music Mix - 025 Kordon [GVjwJxYDJUA].mp3
Nov 24 17:00 : update: added Stalker_Metro/30 minutes of STALKER_Metro - Atmospheric Music Mix - 026 Aria - Vozmi moe serdtse [GVjwJxYDJUA].mp3
Nov 24 17:00 : update: added Stalker_Metro/30 minutes of STALKER_Metro - Atmospheric Music Mix - 027 Kino - Kukushka [GVjwJxYDJUA].mp3
Nov 24 17:00 : update: added Stalker_Metro/30 minutes of STALKER_Metro - Atmospheric Music Mix - 028 Kino - General [GVjwJxYDJUA].mp3
Nov 24 17:00 : update: added Stalker_Metro/30 minutes of STALKER_Metro - Atmospheric Music Mix - 029 Metro 2033 - Main theme [GVjwJxYDJUA].mp3
Nov 24 17:00 : update: added Stalker_Metro/30 minutes of STALKER_Metro - Atmospheric Music Mix - 030 Metro Last Light - Bunker Blues [GVjwJxYDJUA].mp3
Nov 24 17:00 : update: added Stalker_Metro/30 minutes of STALKER_Metro - Atmospheric Music Mix - 031 Metro 2033 - The market [GVjwJxYDJUA].mp3
Nov 24 17:00 : update: added Stalker_Metro/30 minutes of STALKER_Metro - Atmospheric Music Mix - 032 Metro 2033 - Good ending [GVjwJxYDJUA].mp3
Nov 24 17:00 : update: added Stalker_Metro/30 minutes of STALKER_Metro - Atmospheric Music Mix - 033 Metro 2033 - OST [GVjwJxYDJUA].mp3
Nov 24 17:00 : update: added Stalker_Metro/30 minutes of STALKER_Metro - Atmospheric Music Mix - 034 Metro Last Light - Main theme [GVjwJxYDJUA].mp3
Nov 24 17:00 : update: added Stalker_Metro/30 minutes of STALKER_Metro - Atmospheric Music Mix - 035 Bandit radio (CHEEKI BREEKI) [GVjwJxYDJUA].mp3
Nov 24 17:01 : exception: Failed to open /home/kungger/.mpd/playlists: No such file or directory
Nov 24 17:13 : exception: Failed to open /home/kungger/.mpd/playlists: No such file or directory
Nov 24 17:13 : exception: Not playing
Nov 24 17:14 : exception: Failed to open /home/kungger/.mpd/playlists: No such file or directory
Nov 24 17:15 : player: played "Stalker_Metro/30 minutes of STALKER_Metro - Atmospheric Music Mix - 001 intro [GVjwJxYDJUA].mp3"
Nov 25 16:38 : player: played "Stalker_Metro/30 minutes of STALKER_Metro - Atmospheric Music Mix - 001 intro [GVjwJxYDJUA].mp3"
Nov 25 16:39 : player: played "Stalker_Metro/30 minutes of STALKER_Metro - Atmospheric Music Mix - 002 OST [GVjwJxYDJUA].mp3"
Nov 25 16:39 : player: played "Stalker_Metro/30 minutes of STALKER_Metro - Atmospheric Music Mix - 003 OST [GVjwJxYDJUA].mp3"
Nov 25 16:40 : player: played "Stalker_Metro/30 minutes of STALKER_Metro - Atmospheric Music Mix - 004 OST [GVjwJxYDJUA].mp3"
Nov 25 16:40 : player: played "Stalker_Metro/30 minutes of STALKER_Metro - Atmospheric Music Mix - 005 Russian sailor's dance [GVjwJxYDJUA].mp3"
Nov 25 16:41 : player: played "Stalker_Metro/30 minutes of STALKER_Metro - Atmospheric Music Mix - 006 Davai Nayarivay - Lube [GVjwJxYDJUA].mp3"
Nov 25 16:42 : player: played "Stalker_Metro/30 minutes of STALKER_Metro - Atmospheric Music Mix - 007 OST [GVjwJxYDJUA].mp3"
Nov 25 16:42 : player: played "Stalker_Metro/30 minutes of STALKER_Metro - Atmospheric Music Mix - 008 OST [GVjwJxYDJUA].mp3"
Nov 25 16:43 : player: played "Stalker_Metro/30 minutes of STALKER_Metro - Atmospheric Music Mix - 009 OST [GVjwJxYDJUA].mp3"
Nov 25 16:44 : player: played "Stalker_Metro/30 minutes of STALKER_Metro - Atmospheric Music Mix - 010 OST [GVjwJxYDJUA].mp3"
Nov 25 16:45 : player: played "Stalker_Metro/30 minutes of STALKER_Metro - Atmospheric Music Mix - 011 OST [GVjwJxYDJUA].mp3"
Nov 25 16:46 : player: played "Stalker_Metro/30 minutes of STALKER_Metro - Atmospheric Music Mix - 012 OST [GVjwJxYDJUA].mp3"
Nov 25 16:47 : player: played "Stalker_Metro/30 minutes of STALKER_Metro - Atmospheric Music Mix - 013 OST [GVjwJxYDJUA].mp3"
Nov 25 16:48 : player: played "Stalker_Metro/30 minutes of STALKER_Metro - Atmospheric Music Mix - 014 OST [GVjwJxYDJUA].mp3"
Nov 25 16:50 : player: played "Stalker_Metro/30 minutes of STALKER_Metro - Atmospheric Music Mix - 015 The ferris wheel of Pripyat [GVjwJxYDJUA].mp3"
Nov 25 16:52 : player: played "Stalker_Metro/30 minutes of STALKER_Metro - Atmospheric Music Mix - 016 Stalker's life [GVjwJxYDJUA].mp3"
Nov 25 16:52 : player: played "Stalker_Metro/30 minutes of STALKER_Metro - Atmospheric Music Mix - 017 Peaceful ending [GVjwJxYDJUA].mp3"
Nov 25 16:53 : player: played "Stalker_Metro/30 minutes of STALKER_Metro - Atmospheric Music Mix - 018 A new dawn [GVjwJxYDJUA].mp3"
Nov 25 16:54 : player: played "Stalker_Metro/30 minutes of STALKER_Metro - Atmospheric Music Mix - 019 He was a good stalker [GVjwJxYDJUA].mp3"
Nov 25 16:55 : player: played "Stalker_Metro/30 minutes of STALKER_Metro - Atmospheric Music Mix - 020 Against the ionized odds [GVjwJxYDJUA].mp3"
Nov 25 16:56 : player: played "Stalker_Metro/30 minutes of STALKER_Metro - Atmospheric Music Mix - 021 Against the ionized odds (solo) [GVjwJxYDJUA].mp3"
Nov 25 16:56 : player: played "Stalker_Metro/30 minutes of STALKER_Metro - Atmospheric Music Mix - 022 Tsyganochka [GVjwJxYDJUA].mp3"
Nov 25 16:57 : player: played "Stalker_Metro/30 minutes of STALKER_Metro - Atmospheric Music Mix - 023 Sleepless night [GVjwJxYDJUA].mp3"
Nov 25 16:58 : player: played "Stalker_Metro/30 minutes of STALKER_Metro - Atmospheric Music Mix - 024 The brightest twilight [GVjwJxYDJUA].mp3"
Nov 25 16:58 : player: played "Stalker_Metro/30 minutes of STALKER_Metro - Atmospheric Music Mix - 025 Kordon [GVjwJxYDJUA].mp3"
Nov 25 16:59 : update: added Stalker_Anomaly/S.T.A.L.K.E.R. Anomaly - All Guitar Tracks - 001 guitar_1.ogg [4rVj-3NIeQk].mp3
Nov 25 16:59 : update: added Stalker_Anomaly/S.T.A.L.K.E.R. Anomaly - All Guitar Tracks - 002 guitar_2.ogg [4rVj-3NIeQk].mp3
Nov 25 16:59 : update: added Stalker_Anomaly/S.T.A.L.K.E.R. Anomaly - All Guitar Tracks - 003 guitar_3.ogg [4rVj-3NIeQk].mp3
Nov 25 16:59 : update: added Stalker_Anomaly/S.T.A.L.K.E.R. Anomaly - All Guitar Tracks - 004 guitar_4.ogg [4rVj-3NIeQk].mp3
Nov 25 16:59 : update: added Stalker_Anomaly/S.T.A.L.K.E.R. Anomaly - All Guitar Tracks - 005 guitar_5.ogg [4rVj-3NIeQk].mp3
Nov 25 16:59 : update: added Stalker_Anomaly/S.T.A.L.K.E.R. Anomaly - All Guitar Tracks - 006 guitar_6.ogg [4rVj-3NIeQk].mp3
Nov 25 16:59 : update: added Stalker_Anomaly/S.T.A.L.K.E.R. Anomaly - All Guitar Tracks - 007 guitar_7.ogg [4rVj-3NIeQk].mp3
Nov 25 16:59 : update: added Stalker_Anomaly/S.T.A.L.K.E.R. Anomaly - All Guitar Tracks - 008 guitar_8.ogg [4rVj-3NIeQk].mp3
Nov 25 16:59 : update: added Stalker_Anomaly/S.T.A.L.K.E.R. Anomaly - All Guitar Tracks - 009 guitar_9.ogg [4rVj-3NIeQk].mp3
Nov 25 16:59 : update: added Stalker_Anomaly/S.T.A.L.K.E.R. Anomaly - All Guitar Tracks - 010 guitar_10.ogg [4rVj-3NIeQk].mp3
Nov 25 16:59 : update: added Stalker_Anomaly/S.T.A.L.K.E.R. Anomaly - All Guitar Tracks - 011 guitar_11.ogg [4rVj-3NIeQk].mp3
Nov 25 16:59 : update: added Stalker_Anomaly/S.T.A.L.K.E.R. Anomaly - All Guitar Tracks - 012 guitar_12.ogg [4rVj-3NIeQk].mp3
Nov 25 16:59 : update: added Stalker_Anomaly/S.T.A.L.K.E.R. Anomaly - All Guitar Tracks - 013 guitar_13.ogg [4rVj-3NIeQk].mp3
Nov 25 16:59 : update: added Stalker_Anomaly/S.T.A.L.K.E.R. Anomaly - All Guitar Tracks - 014 guitar_14.ogg [4rVj-3NIeQk].mp3
Nov 25 16:59 : update: added Stalker_Anomaly/S.T.A.L.K.E.R. Anomaly - All Guitar Tracks - 015 guitar_15.ogg [4rVj-3NIeQk].mp3
Nov 25 16:59 : update: added Stalker_Anomaly/S.T.A.L.K.E.R. Anomaly - All Guitar Tracks - 016 guitar_16.ogg [4rVj-3NIeQk].mp3
Nov 25 16:59 : update: added Stalker_Anomaly/S.T.A.L.K.E.R. Anomaly - All Guitar Tracks - 017 guitar_17.ogg [4rVj-3NIeQk].mp3
Nov 25 16:59 : update: added Stalker_Anomaly/S.T.A.L.K.E.R. Anomaly - All Guitar Tracks - 018 guitar_18.ogg [4rVj-3NIeQk].mp3
Nov 25 16:59 : update: added Stalker_Anomaly/S.T.A.L.K.E.R. Anomaly - All Guitar Tracks - 019 guitar_19.ogg [4rVj-3NIeQk].mp3
Nov 25 16:59 : update: added Stalker_Anomaly/S.T.A.L.K.E.R. Anomaly - All Guitar Tracks - 020 guitar_20.ogg [4rVj-3NIeQk].mp3
Nov 25 16:59 : update: added Stalker_Anomaly/S.T.A.L.K.E.R. Anomaly - All Guitar Tracks - 021 guitar_21.ogg [4rVj-3NIeQk].mp3
Nov 25 16:59 : update: added Stalker_Anomaly/S.T.A.L.K.E.R. Anomaly - All Guitar Tracks - 022 guitar_22.ogg [4rVj-3NIeQk].mp3
Nov 25 16:59 : update: added Stalker_Anomaly/S.T.A.L.K.E.R. Anomaly - All Guitar Tracks - 023 guitar_23.ogg [4rVj-3NIeQk].mp3
Nov 25 16:59 : update: added Stalker_Anomaly/S.T.A.L.K.E.R. Anomaly - All Guitar Tracks - 024 guitar_24.ogg [4rVj-3NIeQk].mp3
Nov 25 16:59 : update: added Stalker_Anomaly/S.T.A.L.K.E.R. Anomaly - All Guitar Tracks - 025 guitar_25.ogg [4rVj-3NIeQk].mp3
Nov 25 16:59 : update: added Stalker_Anomaly/S.T.A.L.K.E.R. Anomaly - All Guitar Tracks - 026 guitar_26.ogg [4rVj-3NIeQk].mp3
Nov 25 16:59 : update: added Stalker_Anomaly/S.T.A.L.K.E.R. Anomaly - All Guitar Tracks - 027 guitar_27.ogg [4rVj-3NIeQk].mp3
Nov 25 16:59 : update: added Stalker_Anomaly/S.T.A.L.K.E.R. Anomaly - All Guitar Tracks - 028 guitar_28.ogg [4rVj-3NIeQk].mp3
Nov 25 16:59 : update: added Stalker_Anomaly/S.T.A.L.K.E.R. Anomaly - All Guitar Tracks - 029 guitar_29.ogg [4rVj-3NIeQk].mp3
Nov 25 16:59 : update: added Stalker_Anomaly/S.T.A.L.K.E.R. Anomaly - All Guitar Tracks - 030 guitar_30.ogg [4rVj-3NIeQk].mp3
Nov 25 16:59 : update: added Stalker_Anomaly/S.T.A.L.K.E.R. Anomaly - All Guitar Tracks - 031 guitar_31.ogg [4rVj-3NIeQk].mp3
Nov 25 16:59 : update: added Stalker_Anomaly/S.T.A.L.K.E.R. Anomaly - All Guitar Tracks - 032 guitar_32.ogg [4rVj-3NIeQk].mp3
Nov 25 16:59 : update: added Stalker_Anomaly/S.T.A.L.K.E.R. Anomaly - All Guitar Tracks - 033 guitar_33.ogg [4rVj-3NIeQk].mp3
Nov 25 16:59 : update: added Stalker_Anomaly/S.T.A.L.K.E.R. Anomaly - All Guitar Tracks - 034 guitar_34.ogg [4rVj-3NIeQk].mp3
Nov 25 16:59 : update: added Stalker_Anomaly/S.T.A.L.K.E.R. Anomaly - All Guitar Tracks - 035 guitar_35.ogg [4rVj-3NIeQk].mp3
Nov 25 16:59 : update: added Stalker_Anomaly/S.T.A.L.K.E.R. Anomaly - All Guitar Tracks - 036 guitar_36.ogg [4rVj-3NIeQk].mp3
Nov 25 16:59 : update: added Stalker_Anomaly/S.T.A.L.K.E.R. Anomaly - All Guitar Tracks - 037 guitar_37.ogg [4rVj-3NIeQk].mp3
Nov 25 16:59 : update: added Stalker_Anomaly/S.T.A.L.K.E.R. Anomaly - All Guitar Tracks - 038 guitar_38.ogg [4rVj-3NIeQk].mp3
Nov 25 16:59 : update: added Stalker_Anomaly/S.T.A.L.K.E.R. Anomaly - All Guitar Tracks - 039 guitar_39.ogg [4rVj-3NIeQk].mp3
Nov 25 16:59 : update: added Stalker_Anomaly/S.T.A.L.K.E.R. Anomaly - All Guitar Tracks - 040 guitar_40.ogg [4rVj-3NIeQk].mp3
Nov 25 16:59 : update: added Stalker_Anomaly/S.T.A.L.K.E.R. Anomaly - All Guitar Tracks - 041 guitar_41.ogg [4rVj-3NIeQk].mp3
Nov 25 16:59 : update: added Stalker_Anomaly/S.T.A.L.K.E.R. Anomaly - All Guitar Tracks - 042 guitar_42.ogg [4rVj-3NIeQk].mp3
Nov 25 16:59 : update: added Stalker_Anomaly/S.T.A.L.K.E.R. Anomaly - All Guitar Tracks - 043 guitar_43.ogg [4rVj-3NIeQk].mp3
Nov 25 16:59 : update: added Stalker_Anomaly/S.T.A.L.K.E.R. Anomaly - All Guitar Tracks - 044 guitar_44.ogg [4rVj-3NIeQk].mp3
Nov 25 16:59 : update: added Stalker_Anomaly/S.T.A.L.K.E.R. Anomaly - All Guitar Tracks - 045 guitar_45.ogg [4rVj-3NIeQk].mp3
Nov 25 16:59 : update: added Stalker_Anomaly/S.T.A.L.K.E.R. Anomaly - All Guitar Tracks - 046 guitar_46.ogg [4rVj-3NIeQk].mp3
Nov 25 16:59 : update: added Stalker_Anomaly/S.T.A.L.K.E.R. Anomaly - All Guitar Tracks - 047 guitar_47.ogg [4rVj-3NIeQk].mp3
Nov 25 16:59 : update: added Stalker_Anomaly/S.T.A.L.K.E.R. Anomaly - All Guitar Tracks - 048 guitar_48.ogg [4rVj-3NIeQk].mp3
Nov 25 16:59 : update: added Stalker_Anomaly/S.T.A.L.K.E.R. Anomaly - All Guitar Tracks - 049 guitar_49.ogg [4rVj-3NIeQk].mp3
Nov 25 16:59 : update: added Stalker_Anomaly/S.T.A.L.K.E.R. Anomaly - All Guitar Tracks - 050 guitar_50.ogg [4rVj-3NIeQk].mp3
Nov 25 16:59 : update: added Stalker_Anomaly/S.T.A.L.K.E.R. Anomaly - All Guitar Tracks - 051 guitar_51.ogg [4rVj-3NIeQk].mp3
Nov 25 16:59 : update: added Stalker_Anomaly/S.T.A.L.K.E.R. Anomaly - All Guitar Tracks - 052 guitar_52.ogg [4rVj-3NIeQk].mp3
Nov 25 16:59 : update: added Stalker_Anomaly/S.T.A.L.K.E.R. Anomaly - All Guitar Tracks - 053 guitar_53.ogg [4rVj-3NIeQk].mp3
Nov 25 16:59 : update: added Stalker_Anomaly/S.T.A.L.K.E.R. Anomaly - All Guitar Tracks - 054 guitar_54.ogg [4rVj-3NIeQk].mp3
Nov 25 16:59 : update: added Stalker_Anomaly/S.T.A.L.K.E.R. Anomaly - All Guitar Tracks - 055 guitar_55.ogg [4rVj-3NIeQk].mp3
Nov 25 16:59 : update: added Stalker_Anomaly/S.T.A.L.K.E.R. Anomaly - All Guitar Tracks - 056 guitar_56.ogg [4rVj-3NIeQk].mp3
Nov 25 16:59 : update: added Stalker_Anomaly/S.T.A.L.K.E.R. Anomaly - All Guitar Tracks - 057 guitar_57.ogg [4rVj-3NIeQk].mp3
Nov 25 16:59 : update: added Stalker_Anomaly/S.T.A.L.K.E.R. Anomaly - All Guitar Tracks - 058 guitar_58.ogg [4rVj-3NIeQk].mp3
Nov 25 16:59 : update: added Stalker_Anomaly/S.T.A.L.K.E.R. Anomaly - All Guitar Tracks - 059 guitar_59.ogg [4rVj-3NIeQk].mp3
Nov 25 16:59 : update: added Stalker_Anomaly/S.T.A.L.K.E.R. Anomaly - All Guitar Tracks - 060 guitar_60.ogg [4rVj-3NIeQk].mp3
Nov 25 16:59 : update: added Stalker_Anomaly/S.T.A.L.K.E.R. Anomaly - All Guitar Tracks - 061 guitar_61.ogg [4rVj-3NIeQk].mp3
Nov 25 16:59 : update: added Stalker_Anomaly/S.T.A.L.K.E.R. Anomaly - All Guitar Tracks - 062 guitar_62.ogg [4rVj-3NIeQk].mp3
Nov 25 16:59 : update: added Stalker_Anomaly/S.T.A.L.K.E.R. Anomaly - All Guitar Tracks - 063 guitar_63.ogg [4rVj-3NIeQk].mp3
Nov 25 16:59 : update: added Stalker_Anomaly/S.T.A.L.K.E.R. Anomaly - All Guitar Tracks - 064 guitar_64.ogg [4rVj-3NIeQk].mp3
Nov 25 16:59 : update: added Stalker_Anomaly/S.T.A.L.K.E.R. Anomaly - All Guitar Tracks - 065 guitar_65.ogg [4rVj-3NIeQk].mp3
Nov 25 16:59 : update: added Stalker_Anomaly/S.T.A.L.K.E.R. Anomaly - All Guitar Tracks - 066 guitar_66.ogg [4rVj-3NIeQk].mp3
Nov 25 16:59 : update: added Stalker_Anomaly/S.T.A.L.K.E.R. Anomaly - All Guitar Tracks - 067 guitar_67.ogg [4rVj-3NIeQk].mp3
Nov 25 16:59 : update: added Stalker_Anomaly/S.T.A.L.K.E.R. Anomaly - All Guitar Tracks - 068 guitar_68.ogg [4rVj-3NIeQk].mp3
Nov 25 16:59 : update: added Stalker_Metro/30 minutes of STALKER_Metro - Atmospheric Music Mix - 001 intro [GVjwJxYDJUA].mp3
Nov 25 16:59 : update: added Stalker_Metro/30 minutes of STALKER_Metro - Atmospheric Music Mix - 002 OST [GVjwJxYDJUA].mp3
Nov 25 16:59 : update: added Stalker_Metro/30 minutes of STALKER_Metro - Atmospheric Music Mix - 003 OST [GVjwJxYDJUA].mp3
Nov 25 16:59 : update: added Stalker_Metro/30 minutes of STALKER_Metro - Atmospheric Music Mix - 004 OST [GVjwJxYDJUA].mp3
Nov 25 16:59 : update: added Stalker_Metro/30 minutes of STALKER_Metro - Atmospheric Music Mix - 005 Russian sailor's dance [GVjwJxYDJUA].mp3
Nov 25 16:59 : update: added Stalker_Metro/30 minutes of STALKER_Metro - Atmospheric Music Mix - 006 Davai Nayarivay - Lube [GVjwJxYDJUA].mp3
Nov 25 16:59 : update: added Stalker_Metro/30 minutes of STALKER_Metro - Atmospheric Music Mix - 007 OST [GVjwJxYDJUA].mp3
Nov 25 16:59 : update: added Stalker_Metro/30 minutes of STALKER_Metro - Atmospheric Music Mix - 008 OST [GVjwJxYDJUA].mp3
Nov 25 16:59 : update: added Stalker_Metro/30 minutes of STALKER_Metro - Atmospheric Music Mix - 009 OST [GVjwJxYDJUA].mp3
Nov 25 16:59 : update: added Stalker_Metro/30 minutes of STALKER_Metro - Atmospheric Music Mix - 010 OST [GVjwJxYDJUA].mp3
Nov 25 16:59 : update: added Stalker_Metro/30 minutes of STALKER_Metro - Atmospheric Music Mix - 011 OST [GVjwJxYDJUA].mp3
Nov 25 16:59 : update: added Stalker_Metro/30 minutes of STALKER_Metro - Atmospheric Music Mix - 012 OST [GVjwJxYDJUA].mp3
Nov 25 16:59 : update: added Stalker_Metro/30 minutes of STALKER_Metro - Atmospheric Music Mix - 013 OST [GVjwJxYDJUA].mp3
Nov 25 16:59 : update: added Stalker_Metro/30 minutes of STALKER_Metro - Atmospheric Music Mix - 014 OST [GVjwJxYDJUA].mp3
Nov 25 16:59 : update: added Stalker_Metro/30 minutes of STALKER_Metro - Atmospheric Music Mix - 015 The ferris wheel of Pripyat [GVjwJxYDJUA].mp3
Nov 25 16:59 : update: added Stalker_Metro/30 minutes of STALKER_Metro - Atmospheric Music Mix - 016 Stalker's life [GVjwJxYDJUA].mp3
Nov 25 16:59 : update: added Stalker_Metro/30 minutes of STALKER_Metro - Atmospheric Music Mix - 017 Peaceful ending [GVjwJxYDJUA].mp3
Nov 25 16:59 : update: added Stalker_Metro/30 minutes of STALKER_Metro - Atmospheric Music Mix - 018 A new dawn [GVjwJxYDJUA].mp3
Nov 25 16:59 : update: added Stalker_Metro/30 minutes of STALKER_Metro - Atmospheric Music Mix - 019 He was a good stalker [GVjwJxYDJUA].mp3
Nov 25 16:59 : update: added Stalker_Metro/30 minutes of STALKER_Metro - Atmospheric Music Mix - 020 Against the ionized odds [GVjwJxYDJUA].mp3
Nov 25 16:59 : update: added Stalker_Metro/30 minutes of STALKER_Metro - Atmospheric Music Mix - 021 Against the ionized odds (solo) [GVjwJxYDJUA].mp3
Nov 25 16:59 : update: added Stalker_Metro/30 minutes of STALKER_Metro - Atmospheric Music Mix - 022 Tsyganochka [GVjwJxYDJUA].mp3
Nov 25 16:59 : update: added Stalker_Metro/30 minutes of STALKER_Metro - Atmospheric Music Mix - 023 Sleepless night [GVjwJxYDJUA].mp3
Nov 25 16:59 : update: added Stalker_Metro/30 minutes of STALKER_Metro - Atmospheric Music Mix - 024 The brightest twilight [GVjwJxYDJUA].mp3
Nov 25 16:59 : update: added Stalker_Metro/30 minutes of STALKER_Metro - Atmospheric Music Mix - 025 Kordon [GVjwJxYDJUA].mp3
Nov 25 16:59 : update: added Stalker_Metro/30 minutes of STALKER_Metro - Atmospheric Music Mix - 026 Aria - Vozmi moe serdtse [GVjwJxYDJUA].mp3
Nov 25 16:59 : update: added Stalker_Metro/30 minutes of STALKER_Metro - Atmospheric Music Mix - 027 Kino - Kukushka [GVjwJxYDJUA].mp3
Nov 25 16:59 : update: added Stalker_Metro/30 minutes of STALKER_Metro - Atmospheric Music Mix - 028 Kino - General [GVjwJxYDJUA].mp3
Nov 25 16:59 : update: added Stalker_Metro/30 minutes of STALKER_Metro - Atmospheric Music Mix - 029 Metro 2033 - Main theme [GVjwJxYDJUA].mp3
Nov 25 16:59 : update: added Stalker_Metro/30 minutes of STALKER_Metro - Atmospheric Music Mix - 030 Metro Last Light - Bunker Blues [GVjwJxYDJUA].mp3
Nov 25 16:59 : update: added Stalker_Metro/30 minutes of STALKER_Metro - Atmospheric Music Mix - 031 Metro 2033 - The market [GVjwJxYDJUA].mp3
Nov 25 16:59 : update: added Stalker_Metro/30 minutes of STALKER_Metro - Atmospheric Music Mix - 032 Metro 2033 - Good ending [GVjwJxYDJUA].mp3
Nov 25 16:59 : update: added Stalker_Metro/30 minutes of STALKER_Metro - Atmospheric Music Mix - 033 Metro 2033 - OST [GVjwJxYDJUA].mp3
Nov 25 16:59 : update: added Stalker_Metro/30 minutes of STALKER_Metro - Atmospheric Music Mix - 034 Metro Last Light - Main theme [GVjwJxYDJUA].mp3
Nov 25 16:59 : update: added Stalker_Metro/30 minutes of STALKER_Metro - Atmospheric Music Mix - 035 Bandit radio (CHEEKI BREEKI) [GVjwJxYDJUA].mp3
Nov 25 17:00 : exception: Failed to open /home/kungger/.mpd/playlists: No such file or directory
